Arguments: 
  /usr/local/bin/node /home/alefman/.cache/node/corepack/yarn/1.22.19/bin/yarn.js install

PATH: 
  /usr/local/sbin:/usr/local/bin:/usr/sbin:/usr/bin:/sbin:/bin:/usr/games:/usr/local/games:/snap/bin:/snap/bin

Yarn version: 
  1.22.19

Node version: 
  18.16.0

Platform: 
  linux x64

Trace: 
  Error: getaddrinfo EAI_AGAIN registry.yarnpkg.com
      at GetAddrInfoReqWrap.onlookup [as oncomplete] (node:dns:107:26)

npm manifest: 
  {
      "name": "lesson8",
      "version": "0.0.1",
      "license": "MIT",
      "scripts": {
          "test": "jest"
      },
      "devDependencies": {
          "@ton-community/blueprint": "^0.12.0",
          "@ton-community/sandbox": "^0.11.0",
          "@ton-community/test-utils": "^0.2.0",
          "@types/jest": "^29.5.0",
          "@types/node": "^20.2.5",
          "jest": "^29.5.0",
          "prettier": "^2.8.6",
          "ton": "^13.4.1",
          "ton-core": "^0.49.0",
          "ton-crypto": "^3.2.0",
          "ts-jest": "^29.0.5",
          "ts-node": "^10.9.1",
          "typescript": "^4.9.5"
      }
  }

yarn manifest: 
  No manifest

Lockfile: 
  No lockfile
